<?xml version="1.0" encoding="UTF-8"?>
<coverage generated="1745294189695" clover="3.2.0">
  <project timestamp="1745294189695" name="All files">
    <metrics statements="16" coveredstatements="16" conditionals="2" coveredconditionals="2" methods="7" coveredmethods="7" elements="25" coveredelements="25" complexity="0" loc="16" ncloc="16" packages="1" files="1" classes="1"/>
    <file name="shipClass.js" path="C:\Users\Lordsnuz\OneDrive\Desktop\code\practice\Javscript\Battleship\src\classes\shipClass.js">
      <metrics statements="16" coveredstatements="16" conditionals="2" coveredconditionals="2" methods="7" coveredmethods="7"/>
      <line num="3" count="6" type="stmt"/>
      <line num="4" count="6" type="stmt"/>
      <line num="5" count="6" type="stmt"/>
      <line num="6" count="6" type="stmt"/>
      <line num="10" count="2" type="stmt"/>
      <line num="17" count="2" type="stmt"/>
      <line num="23" count="1" type="stmt"/>
      <line num="29" count="1" type="stmt"/>
      <line num="35" count="1" type="stmt"/>
      <line num="41" count="1" type="stmt"/>
      <line num="45" count="1" type="stmt"/>
      <line num="46" count="1" type="stmt"/>
      <line num="47" count="1" type="stmt"/>
      <line num="48" count="1" type="stmt"/>
      <line num="49" count="1" type="stmt"/>
      <line num="51" count="1" type="stmt"/>
    </file>
  </project>
</coverage>
