{"C:\\Users\\langd\\OneDrive\\Desktop\\repos\\JS practice\\Battleship\\src\\classes\\battleFieldClass.js": {"path":"C:\\Users\\langd\\OneDrive\\Desktop\\repos\\JS practice\\Battleship\\src\\classes\\battleFieldClass.js","statementMap":{"0":{"start":{"line":3,"column":18},"end":{"line":3,"column":20}},"1":{"start":{"line":4,"column":12},"end":{"line":6,"column":5}},"2":{"start":{"line":9,"column":8},"end":{"line":9,"column":23}},"3":{"start":{"line":10,"column":8},"end":{"line":10,"column":23}},"4":{"start":{"line":11,"column":8},"end":{"line":11,"column":66}},"5":{"start":{"line":16,"column":8},"end":{"line":16,"column":63}},"6":{"start":{"line":16,"column":41},"end":{"line":16,"column":61}},"7":{"start":{"line":20,"column":27},"end":{"line":20,"column":28}},"8":{"start":{"line":21,"column":23},"end":{"line":21,"column":31}},"9":{"start":{"line":22,"column":8},"end":{"line":22,"column":80}},"10":{"start":{"line":22,"column":69},"end":{"line":22,"column":80}},"11":{"start":{"line":23,"column":8},"end":{"line":23,"column":20}}},"fnMap":{"0":{"name":"(anonymous_0)","decl":{"start":{"line":8,"column":4},"end":{"line":8,"column":5}},"loc":{"start":{"line":8,"column":27},"end":{"line":13,"column":5}},"line":8},"1":{"name":"(anonymous_1)","decl":{"start":{"line":15,"column":4},"end":{"line":15,"column":5}},"loc":{"start":{"line":15,"column":32},"end":{"line":17,"column":5}},"line":15},"2":{"name":"(anonymous_2)","decl":{"start":{"line":16,"column":35},"end":{"line":16,"column":36}},"loc":{"start":{"line":16,"column":41},"end":{"line":16,"column":61}},"line":16},"3":{"name":"(anonymous_3)","decl":{"start":{"line":19,"column":4},"end":{"line":19,"column":5}},"loc":{"start":{"line":19,"column":28},"end":{"line":24,"column":5}},"line":19}},"branchMap":{"0":{"loc":{"start":{"line":22,"column":8},"end":{"line":22,"column":80}},"type":"if","locations":[{"start":{"line":22,"column":8},"end":{"line":22,"column":80}},{"start":{},"end":{}}],"line":22},"1":{"loc":{"start":{"line":22,"column":11},"end":{"line":22,"column":67}},"type":"binary-expr","locations":[{"start":{"line":22,"column":12},"end":{"line":22,"column":18}},{"start":{"line":22,"column":22},"end":{"line":22,"column":36}},{"start":{"line":22,"column":42},"end":{"line":22,"column":48}},{"start":{"line":22,"column":52},"end":{"line":22,"column":66}}],"line":22}},"s":{"0":0,"1":0,"2":0,"3":0,"4":0,"5":0,"6":0,"7":0,"8":0,"9":0,"10":0,"11":0},"f":{"0":0,"1":0,"2":0,"3":0},"b":{"0":[0,0],"1":[0,0,0,0]},"_coverageSchema":"1a1c01bbd47fc00a2c39e90264f33305004495a9","hash":"b2f1e4ba7562600dc440ca1f6aa73830fd4d810c"}
}
