{"C:\\Users\\Lordsnuz\\OneDrive\\Desktop\\code\\practice\\Javscript\\Battleship\\src\\classes\\shipClass.js": {"path":"C:\\Users\\Lordsnuz\\OneDrive\\Desktop\\code\\practice\\Javscript\\Battleship\\src\\classes\\shipClass.js","statementMap":{"0":{"start":{"line":3,"column":8},"end":{"line":3,"column":25}},"1":{"start":{"line":4,"column":8},"end":{"line":4,"column":29}},"2":{"start":{"line":5,"column":8},"end":{"line":5,"column":25}},"3":{"start":{"line":6,"column":8},"end":{"line":6,"column":24}},"4":{"start":{"line":10,"column":8},"end":{"line":10,"column":19}},"5":{"start":{"line":17,"column":8},"end":{"line":17,"column":28}},"6":{"start":{"line":23,"column":8},"end":{"line":23,"column":31}},"7":{"start":{"line":29,"column":8},"end":{"line":29,"column":30}},"8":{"start":{"line":35,"column":8},"end":{"line":35,"column":30}},"9":{"start":{"line":41,"column":8},"end":{"line":41,"column":27}},"10":{"start":{"line":45,"column":14},"end":{"line":45,"column":27}},"11":{"start":{"line":46,"column":14},"end":{"line":46,"column":30}},"12":{"start":{"line":47,"column":14},"end":{"line":47,"column":29}},"13":{"start":{"line":48,"column":14},"end":{"line":48,"column":29}},"14":{"start":{"line":49,"column":14},"end":{"line":49,"column":26}},"15":{"start":{"line":51,"column":0},"end":{"line":51,"column":23}}},"fnMap":{"0":{"name":"(anonymous_0)","decl":{"start":{"line":2,"column":4},"end":{"line":2,"column":5}},"loc":{"start":{"line":2,"column":49},"end":{"line":7,"column":5}},"line":2},"1":{"name":"(anonymous_1)","decl":{"start":{"line":9,"column":4},"end":{"line":9,"column":5}},"loc":{"start":{"line":9,"column":10},"end":{"line":11,"column":5}},"line":9},"2":{"name":"(anonymous_2)","decl":{"start":{"line":16,"column":4},"end":{"line":16,"column":5}},"loc":{"start":{"line":16,"column":18},"end":{"line":18,"column":5}},"line":16},"3":{"name":"(anonymous_3)","decl":{"start":{"line":22,"column":4},"end":{"line":22,"column":5}},"loc":{"start":{"line":22,"column":18},"end":{"line":24,"column":5}},"line":22},"4":{"name":"(anonymous_4)","decl":{"start":{"line":28,"column":4},"end":{"line":28,"column":5}},"loc":{"start":{"line":28,"column":18},"end":{"line":30,"column":5}},"line":28},"5":{"name":"(anonymous_5)","decl":{"start":{"line":34,"column":4},"end":{"line":34,"column":5}},"loc":{"start":{"line":34,"column":18},"end":{"line":36,"column":5}},"line":34},"6":{"name":"(anonymous_6)","decl":{"start":{"line":40,"column":4},"end":{"line":40,"column":5}},"loc":{"start":{"line":40,"column":18},"end":{"line":42,"column":5}},"line":40}},"branchMap":{"0":{"loc":{"start":{"line":2,"column":30},"end":{"line":2,"column":36}},"type":"default-arg","locations":[{"start":{"line":2,"column":35},"end":{"line":2,"column":36}}],"line":2},"1":{"loc":{"start":{"line":2,"column":37},"end":{"line":2,"column":47}},"type":"default-arg","locations":[{"start":{"line":2,"column":42},"end":{"line":2,"column":47}}],"line":2}},"s":{"0":6,"1":6,"2":6,"3":6,"4":2,"5":2,"6":1,"7":1,"8":1,"9":1,"10":1,"11":1,"12":1,"13":1,"14":1,"15":1},"f":{"0":6,"1":2,"2":2,"3":1,"4":1,"5":1,"6":1},"b":{"0":[6],"1":[6]},"_coverageSchema":"1a1c01bbd47fc00a2c39e90264f33305004495a9","hash":"2f1b99a6462d66560fd8b7915ccceb00cd1e2e13"}
}
