TN:
SF:src\classes\shipClass.js
FN:2,(anonymous_0)
FN:9,(anonymous_1)
FN:16,(anonymous_2)
FN:22,(anonymous_3)
FN:28,(anonymous_4)
FN:34,(anonymous_5)
FN:40,(anonymous_6)
FNF:7
FNH:7
FNDA:6,(anonymous_0)
FNDA:2,(anonymous_1)
FNDA:2,(anonymous_2)
FNDA:1,(anonymous_3)
FNDA:1,(anonymous_4)
FNDA:1,(anonymous_5)
FNDA:1,(anonymous_6)
DA:3,6
DA:4,6
DA:5,6
DA:6,6
DA:10,2
DA:17,2
DA:23,1
DA:29,1
DA:35,1
DA:41,1
DA:45,1
DA:46,1
DA:47,1
DA:48,1
DA:49,1
DA:51,1
LF:16
LH:16
BRDA:2,0,0,6
BRDA:2,1,0,6
BRF:2
BRH:2
end_of_record
